#
# There is insufficient memory for the Java Runtime Environment to continue.
# Native memory allocation (malloc) failed to allocate 1048576 bytes for AllocateHeap
# Possible reasons:
#   The system is out of physical RAM or swap space
#   The process is running with CompressedOops enabled, and the Java Heap may be blocking the growth of the native heap
# Possible solutions:
#   Reduce memory load on the system
#   Increase physical memory or swap space
#   Check if swap backing store is full
#   Decrease Java heap size (-Xmx/-Xms)
#   Decrease number of Java threads
#   Decrease Java thread stack sizes (-Xss)
#   Set larger code cache with -XX:ReservedCodeCacheSize=
#   JVM is running with Unscaled Compressed Oops mode in which the Java heap is
#     placed in the first 4GB address space. The Java Heap base address is the
#     maximum limit for the native heap growth. Please use -XX:HeapBaseMinAddress
#     to set the Java Heap base and to place the Java Heap above 4GB virtual address.
# This output file may be truncated or incomplete.
#
#  Out of Memory Error (allocation.cpp:44), pid=14512, tid=39704
#
# JRE version:  (17.0.17+8) (build )
# Java VM: Java HotSpot(TM) 64-Bit Server VM (17.0.17+8-LTS-360, mixed mode, emulated-client, sharing, tiered, compressed oops, compressed class ptrs, g1 gc, windows-amd64)
# No core dump will be written. Minidumps are not enabled by default on client versions of Windows
#

---------------  S U M M A R Y ------------

Command Line: -XX:TieredStopAtLevel=1 -Dfile.encoding=x-windows-949 -Duser.country=KR -Duser.language=ko -Duser.variant com.portfolio.portfolio.PortfolioApplication

Host: AMD Ryzen 7 2700X Eight-Core Processor         , 16 cores, 15G,  Windows 11 , 64 bit Build 26100 (10.0.26100.1591)
Time: Wed May 20 01:58:27 2026  Windows 11 , 64 bit Build 26100 (10.0.26100.1591) elapsed time: 1.033935 seconds (0d 0h 0m 1s)

---------------  T H R E A D  ---------------

Current thread (0x000001ff7449df20):  JavaThread "Unknown thread" [_thread_in_vm, id=39704, stack(0x0000007763700000,0x0000007763800000)]

Stack: [0x0000007763700000,0x0000007763800000]
Native frames: (J=compiled Java code, j=interpreted, Vv=VM code, C=native code)
V  [jvm.dll+0x67a0ea]
V  [jvm.dll+0x7da56d]
V  [jvm.dll+0x7dbeb3]
V  [jvm.dll+0x7dc523]
V  [jvm.dll+0x2453af]
V  [jvm.dll+0xa5e1b]
V  [jvm.dll+0x2d5137]
V  [jvm.dll+0x7acd0c]
V  [jvm.dll+0x367ac1]
V  [jvm.dll+0x78bcf9]
V  [jvm.dll+0x3ed10e]
V  [jvm.dll+0x3eed41]
C  [jli.dll+0x5297]
C  [ucrtbase.dll+0x14ea0]
C  [KERNEL32.DLL+0x2dbe7]
C  [ntdll.dll+0x85a6c]


---------------  P R O C E S S  ---------------

Threads class SMR info:
_java_thread_list=0x00007ffe81de7a18, length=0, elements={
}

Java Threads: ( => current thread )

Other Threads:

=>0x000001ff7449df20 (exited) JavaThread "Unknown thread" [_thread_in_vm, id=39704, stack(0x0000007763700000,0x0000007763800000)]

Threads with active compile tasks:

VM state: not at safepoint (not fully initialized)

VM Mutex/Monitor currently owned by a thread: None

Heap address: 0x0000000000000000, size: 0 MB, Compressed Oops mode: 32-bit

CDS archive(s) mapped at: [0x0000000000000000-0x0000000000000000-0x0000000000000000), size 0, SharedBaseAddress: 0x0000000800000000, ArchiveRelocationMode: 1.
Narrow klass base: 0x0000000000000000, Narrow klass shift: 0, Narrow klass range: 0x0

GC Precious Log:
<Empty>

GC Heap History (0 events):
No events

Deoptimization events (0 events):
No events

Classes unloaded (0 events):
No events

Classes redefined (0 events):
No events

Internal exceptions (0 events):
No events

VM Operations (0 events):
No events

Events (1 events):
Event: 0.017 Loaded shared library C:\Program Files\Java\jdk-17\bin\java.dll


Dynamic libraries:
0x00007ff7b4ef0000 - 0x00007ff7b4f00000 	C:\Program Files\Java\jdk-17\bin\java.exe
0x00007fff30220000 - 0x00007fff30483000 	C:\Windows\SYSTEM32\ntdll.dll
0x00007fff2e8d0000 - 0x00007fff2e997000 	C:\Windows\System32\KERNEL32.DLL
0x00007fff2d9d0000 - 0x00007fff2dd71000 	C:\Windows\System32\KERNELBASE.dll
0x00007fff2dd80000 - 0x00007fff2decb000 	C:\Windows\System32\ucrtbase.dll
0x00007fff033a0000 - 0x00007fff033b9000 	C:\Program Files\Java\jdk-17\bin\jli.dll
0x00007fff117e0000 - 0x00007fff117fb000 	C:\Program Files\Java\jdk-17\bin\VCRUNTIME140.dll
0x00007fff2e810000 - 0x00007fff2e8c2000 	C:\Windows\System32\ADVAPI32.dll
0x00007fff2ed20000 - 0x00007fff2edc9000 	C:\Windows\System32\msvcrt.dll
0x00007fff2f460000 - 0x00007fff2f507000 	C:\Windows\System32\sechost.dll
0x00007fff2fa50000 - 0x00007fff2fb66000 	C:\Windows\System32\RPCRT4.dll
0x00007fff2f880000 - 0x00007fff2fa43000 	C:\Windows\System32\USER32.dll
0x00007fff2d630000 - 0x00007fff2d657000 	C:\Windows\System32\win32u.dll
0x00007fff2f290000 - 0x00007fff2f2ba000 	C:\Windows\System32\GDI32.dll
0x00007fff13b50000 - 0x00007fff13de0000 	C:\Windows\WinSxS\amd64_microsoft.windows.common-controls_6595b64144ccf1df_6.0.26100.1591_none_3e0fac18e32dc903\COMCTL32.dll
0x00007fff2d660000 - 0x00007fff2d781000 	C:\Windows\System32\gdi32full.dll
0x00007fff2ded0000 - 0x00007fff2df73000 	C:\Windows\System32\msvcp_win.dll
0x00007fff299f0000 - 0x00007fff299fb000 	C:\Windows\SYSTEM32\VERSION.dll
0x00007fff2f510000 - 0x00007fff2f53f000 	C:\Windows\System32\IMM32.DLL
0x00007fff09040000 - 0x00007fff0904c000 	C:\Program Files\Java\jdk-17\bin\vcruntime140_1.dll
0x00007ffef6670000 - 0x00007ffef66fe000 	C:\Program Files\Java\jdk-17\bin\msvcp140.dll
0x00007ffe81330000 - 0x00007ffe81f10000 	C:\Program Files\Java\jdk-17\bin\server\jvm.dll
0x00007fff300e0000 - 0x00007fff300e8000 	C:\Windows\System32\PSAPI.DLL
0x00007fff26a30000 - 0x00007fff26a3a000 	C:\Windows\SYSTEM32\WSOCK32.dll
0x00007fff2f640000 - 0x00007fff2f6b4000 	C:\Windows\System32\WS2_32.dll
0x00007fff1b7c0000 - 0x00007fff1b7f6000 	C:\Windows\SYSTEM32\WINMM.dll
0x00007fff2c490000 - 0x00007fff2c4aa000 	C:\Windows\SYSTEM32\kernel.appcore.dll
0x00007fff05060000 - 0x00007fff0506a000 	C:\Program Files\Java\jdk-17\bin\jimage.dll
0x00007fff1ab50000 - 0x00007fff1ad91000 	C:\Windows\SYSTEM32\DBGHELP.DLL
0x00007fff2e9a0000 - 0x00007fff2ed1c000 	C:\Windows\System32\combase.dll
0x00007fff30100000 - 0x00007fff301d6000 	C:\Windows\System32\OLEAUT32.dll
0x00007fff25490000 - 0x00007fff254c9000 	C:\Windows\SYSTEM32\dbgcore.DLL
0x00007fff2df80000 - 0x00007fff2e019000 	C:\Windows\System32\bcryptPrimitives.dll
0x00007ffefbaa0000 - 0x00007ffefbac5000 	C:\Program Files\Java\jdk-17\bin\java.dll

dbghelp: loaded successfully - version: 4.0.5 - missing functions: none
symbol engine: initialized successfully - sym options: 0x614 - pdb path: .;C:\Program Files\Java\jdk-17\bin;C:\Windows\SYSTEM32;C:\Windows\WinSxS\amd64_microsoft.windows.common-controls_6595b64144ccf1df_6.0.26100.1591_none_3e0fac18e32dc903;C:\Program Files\Java\jdk-17\bin\server

VM Arguments:
jvm_args: -XX:TieredStopAtLevel=1 -Dfile.encoding=x-windows-949 -Duser.country=KR -Duser.language=ko -Duser.variant 
java_command: com.portfolio.portfolio.PortfolioApplication
java_class_path (initial): C:\Users\OWNER\Documents\dev\portfolio\portfolio\build\classes\java\main;C:\Users\OWNER\Documents\dev\portfolio\portfolio\build\resources\main;C:\Users\OWNER\.gradle\caches\modules-2\files-2.1\com.oracle.database.jdbc\ojdbc11\23.7.0.25.01\665f52abef9122ce003b5cfc1d9d44f7302e2cfe\ojdbc11-23.7.0.25.01.jar;C:\Users\OWNER\.gradle\caches\modules-2\files-2.1\org.hibernate.orm\hibernate-core\6.6.49.Final\7f698012bf0f20ec8958996d074a5d549387339d\hibernate-core-6.6.49.Final.jar;C:\Users\OWNER\.gradle\caches\modules-2\files-2.1\org.springframework.data\spring-data-jpa\3.5.11\8e1102492873bbee695530a6210076d30e6d03af\spring-data-jpa-3.5.11.jar;C:\Users\OWNER\.gradle\caches\modules-2\files-2.1\org.springframework\spring-aspects\6.2.18\2b150260a6b95c74a37a3d1844c057c223132cda\spring-aspects-6.2.18.jar;C:\Users\OWNER\.gradle\caches\modules-2\files-2.1\org.springframework\spring-webmvc\6.2.18\b0ed5593791c86d0352e796a9247ab38b8dc6573\spring-webmvc-6.2.18.jar;C:\Users\OWNER\.gradle\caches\modules-2\files-2.1\org.springframework\spring-web\6.2.18\ac559d752f215711184cb1bdcc941c83eef2cf3\spring-web-6.2.18.jar;C:\Users\OWNER\.gradle\caches\modules-2\files-2.1\org.springframework.boot\spring-boot-autoconfigure\3.5.14\6f32dc26a8f393da81980aeeb019f308964e3413\spring-boot-autoconfigure-3.5.14.jar;C:\Users\OWNER\.gradle\caches\modules-2\files-2.1\org.springframework.boot\spring-boot\3.5.14\f705f188db19fe4ce2e1c950768bdba730b61ae1\spring-boot-3.5.14.jar;C:\Users\OWNER\.gradle\caches\modules-2\files-2.1\jakarta.annotation\jakarta.annotation-api\2.1.1\48b9bda22b091b1f48b13af03fe36db3be6e1ae3\jakarta.annotation-api-2.1.1.jar;C:\Users\OWNER\.gradle\caches\modules-2\files-2.1\org.springframework\spring-orm\6.2.18\ac20313e6edf76c976764d30b69ffe74cc59fa67\spring-orm-6.2.18.jar;C:\Users\OWNER\.gradle\caches\modules-2\files-2.1\org.springframework\spring-jdbc\6.2.18\42b6a6426f721f4d2ab97dc5b895c7c7cbd909c7\spring-jdbc-6.2.18.jar;C:\Users\OWNER\.gradle\caches\modules-2\files
Launcher Type: SUN_STANDARD

[Global flags]
     intx CICompilerCount                          = 12                                        {product} {ergonomic}
     uint ConcGCThreads                            = 3                                         {product} {ergonomic}
     uint G1ConcRefinementThreads                  = 13                                        {product} {ergonomic}
   size_t G1HeapRegionSize                         = 2097152                                   {product} {ergonomic}
    uintx GCDrainStackTargetSize                   = 64                                        {product} {ergonomic}
   size_t InitialHeapSize                          = 268435456                                 {product} {ergonomic}
   size_t MarkStackSize                            = 4194304                                   {product} {ergonomic}
   size_t MaxHeapSize                              = 4278190080                                {product} {ergonomic}
   size_t MinHeapDeltaBytes                        = 2097152                                   {product} {ergonomic}
   size_t MinHeapSize                              = 8388608                                   {product} {ergonomic}
    uintx NonProfiledCodeHeapSize                  = 0                                      {pd product} {ergonomic}
     bool ProfileInterpreter                       = false                                  {pd product} {command line}
    uintx ProfiledCodeHeapSize                     = 0                                      {pd product} {ergonomic}
   size_t SoftMaxHeapSize                          = 4278190080                             {manageable} {ergonomic}
     intx TieredStopAtLevel                        = 1                                         {product} {command line}
     bool UseCompressedClassPointers               = true                           {product lp64_product} {ergonomic}
     bool UseCompressedOops                        = true                           {product lp64_product} {ergonomic}
     bool UseG1GC                                  = true                                      {product} {ergonomic}
     bool UseLargePagesIndividualAllocation        = false                                  {pd product} {ergonomic}

Logging:
Log output configuration:
 #0: stdout all=warning uptime,level,tags
 #1: stderr all=off uptime,level,tags

Environment Variables:
PATH=C:\app\OWNER\product\21c\dbhomeXE\bin;C:\Program Files\Common Files\Oracle\Java\javapath;C:\Windows\system32;C:\Windows;C:\Windows\System32\Wbem;C:\Windows\System32\WindowsPowerShell\v1.0\;C:\Windows\System32\OpenSSH\;C:\Program Files\Bandizip\;C:\Program Files\nodejs\;C:\Program Files\Git\cmd;C:\Users\OWNER\AppData\Local\Microsoft\WindowsApps;C:\Users\OWNER\AppData\Roaming\npm;C:\Users\OWNER\AppData\Local\Programs\Microsoft VS Code\bin;C:\Program Files\JetBrains\IntelliJ IDEA 2026.1.1\bin
USERNAME=OWNER
OS=Windows_NT
PROCESSOR_IDENTIFIER=AMD64 Family 23 Model 8 Stepping 2, AuthenticAMD



---------------  S Y S T E M  ---------------

OS:
 Windows 11 , 64 bit Build 26100 (10.0.26100.1591)
OS uptime: 1 days 20:12 hours

CPU: total 16 (initial active 16) (16 cores per cpu, 2 threads per core) family 23 model 8 stepping 2 microcode 0x800820d, cx8, cmov, fxsr, ht, mmx, 3dnowpref, sse, sse2, sse3, ssse3, sse4a, sse4.1, sse4.2, popcnt, lzcnt, tsc, tscinvbit, avx, avx2, aes, clmul, bmi1, bmi2, adx, sha, fma, vzeroupper, clflush, clflushopt

Memory: 4k page, system-wide physical 16315M (768M free)
TotalPageFile size 46827M (AvailPageFile size 83M)
current process WorkingSet (physical memory assigned to process): 12M, peak: 12M
current process commit charge ("private bytes"): 13M, peak: 14M

vm_info: Java HotSpot(TM) 64-Bit Server VM (17.0.17+8-LTS-360) for windows-amd64 JRE (17.0.17+8-LTS-360), built on Sep 27 2025 05:17:01 by "mach5run" with MS VC++ 17.6 (VS2022)

END.
